<?xml version="1.0" encoding="UTF-8"?>
<!-- Generated by org.testng.reporters.JUnitReportReporter -->
<testsuite skipped="0" hostname="TUSHARC05" name="com.RAssuresd.AppTest" tests="1" failures="0" timestamp="23 Apr 2019 10:36:15 GMT" time="3.284" errors="0">
  <testcase name="testResponseCode" time="3.284" classname="com.RAssuresd.AppTest"/>
</testsuite> <!-- com.RAssuresd.AppTest -->
